
> dealinno@0.1.0 build
> next build

[@sentry/nextjs] DEPRECATION WARNING: disableLogger is deprecated and will be removed in a future version. Use webpack.treeshake.removeDebugLogging instead. (Not supported with Turbopack.)
▲ Next.js 16.2.6 (Turbopack)
- Environments: .env.local, .env
- Experiments (use with caution):
  · clientTraceMetadata

⚠ The "middleware" file convention is deprecated. Please use "proxy" instead. Learn more: https://nextjs.org/docs/messages/middleware-to-proxy
  Creating an optimized production build ...
[@sentry/nextjs] DEPRECATION WARNING: disableLogger is deprecated and will be removed in a future version. Use webpack.treeshake.removeDebugLogging instead. (Not supported with Turbopack.)
✓ Compiled successfully in 27.9min
  Running next.config.js provided runAfterProductionCompile ...
✓ Completed runAfterProductionCompile in 39.6s
  Running TypeScript ...

<--- Last few GCs --->

[39520:0x7fccb8008000]  1178278 ms: Mark-Compact 2045.4 (2051.7) -> 2043.6 (2052.0) MB, pooled: 0 MB, 12089.13 / 0.00 ms  (average mu = 0.208, current mu = 0.145) allocation failure; scavenge might not succeed
[39520:0x7fccb8008000]  1183829 ms: Mark-Compact 2045.6 (2052.0) -> 2043.7 (2052.2) MB, pooled: 0 MB, 5309.33 / 0.00 ms  (average mu = 0.150, current mu = 0.043) allocation failure; scavenge might not succeed

FATAL ERROR: Ineffective mark-compacts near heap limit Allocation failed - JavaScript heap out of memory
----- Native stack trace -----

 1: 0x100af8654 node::OOMErrorHandler(char const*, v8::OOMDetails const&) [/Users/pranavlende/.nvm/versions/node/v24.3.0/bin/node]
 2: 0x100d032dd v8::internal::V8::FatalProcessOutOfMemory(v8::internal::Isolate*, char const*, v8::OOMDetails const&) [/Users/pranavlende/.nvm/versions/node/v24.3.0/bin/node]
 3: 0x100f7e647 v8::internal::Heap::FatalProcessOutOfMemory(char const*) [/Users/pranavlende/.nvm/versions/node/v24.3.0/bin/node]
 4: 0x100f81d8a v8::internal::Heap::RecomputeLimits(v8::internal::GarbageCollector, v8::base::TimeTicks) [/Users/pranavlende/.nvm/versions/node/v24.3.0/bin/node]
 5: 0x100f95d06 v8::internal::Heap::CollectGarbage(v8::internal::AllocationSpace, v8::internal::GarbageCollectionReason, v8::GCCallbackFlags)::$_1::operator()() const [/Users/pranavlende/.nvm/versions/node/v24.3.0/bin/node]
 6: 0x100f9559f void heap::base::Stack::SetMarkerAndCallbackImpl<v8::internal::Heap::CollectGarbage(v8::internal::AllocationSpace, v8::internal::GarbageCollectionReason, v8::GCCallbackFlags)::$_1>(heap::base::Stack*, void*, void const*) [/Users/pranavlende/.nvm/versions/node/v24.3.0/bin/node]
 7: 0x101a19668 PushAllRegistersAndIterateStack [/Users/pranavlende/.nvm/versions/node/v24.3.0/bin/node]
 8: 0x100f7c0e9 v8::internal::Heap::CollectGarbage(v8::internal::AllocationSpace, v8::internal::GarbageCollectionReason, v8::GCCallbackFlags) [/Users/pranavlende/.nvm/versions/node/v24.3.0/bin/node]
 9: 0x100f6f985 v8::internal::HeapAllocator::AllocateRawWithRetryOrFailSlowPath(int, v8::internal::AllocationType, v8::internal::AllocationOrigin, v8::internal::AllocationAlignment) [/Users/pranavlende/.nvm/versions/node/v24.3.0/bin/node]
10: 0x100f35f6d v8::internal::FactoryBase<v8::internal::Factory>::NewFixedArrayWithMap(v8::internal::DirectHandle<v8::internal::Map>, int, v8::internal::AllocationType) [/Users/pranavlende/.nvm/versions/node/v24.3.0/bin/node]
11: 0x101338145 v8::internal::Handle<v8::internal::OrderedHashMap>::MaybeType v8::internal::OrderedHashTable<v8::internal::OrderedHashMap, 2>::Rehash<v8::internal::Handle>(v8::internal::Isolate*, v8::internal::Handle<v8::internal::OrderedHashMap>, int) [/Users/pranavlende/.nvm/versions/node/v24.3.0/bin/node]
12: 0x101468482 v8::internal::Runtime_MapGrow(int, unsigned long*, v8::internal::Isolate*) [/Users/pranavlende/.nvm/versions/node/v24.3.0/bin/node]
13: 0x101b18436 Builtins_CEntry_Return1_ArgvOnStack_NoBuiltinExit [/Users/pranavlende/.nvm/versions/node/v24.3.0/bin/node]
14: 0x101adb1a1 Builtins_MapPrototypeSet [/Users/pranavlende/.nvm/versions/node/v24.3.0/bin/node]
15: 0x12e6167eb 
Next.js build worker exited with code: null and signal: SIGABRT
